<?xml version="1.0" encoding="UTF-8"?>
<testng-results ignored="0" total="21" passed="20" failed="1" skipped="0">
  <reporter-output>
  </reporter-output>
  <suite started-at="2026-04-01T10:38:16 IST" name="Surefire suite" finished-at="2026-04-01T10:38:20 IST" duration-ms="4341">
    <groups>
    </groups>
    <test started-at="2026-04-01T10:38:16 IST" name="Surefire test" finished-at="2026-04-01T10:38:20 IST" duration-ms="4341">
      <class name="com.example.TransferSecurityTests">
        <test-method is-config="true" signature="setup()[pri:0, instance:com.example.TransferSecurityTests@77eca502]" started-at="2026-04-01T10:38:20 IST" name="setup" finished-at="2026-04-01T10:38:20 IST" duration-ms="152" status="PASS">
          <reporter-output>
          </reporter-output>
        </test-method> <!-- setup -->
        <test-method signature="testBlockSelfTransfer()[pri:0, instance:com.example.TransferSecurityTests@77eca502]" started-at="2026-04-01T10:38:20 IST" name="testBlockSelfTransfer" finished-at="2026-04-01T10:38:20 IST" duration-ms="66" status="PASS">
          <reporter-output>
          </reporter-output>
        </test-method> <!-- testBlockSelfTransfer -->
        <test-method signature="testDecimalPrecision()[pri:0, instance:com.example.TransferSecurityTests@77eca502]" started-at="2026-04-01T10:38:20 IST" name="testDecimalPrecision" finished-at="2026-04-01T10:38:20 IST" duration-ms="167" status="PASS">
          <reporter-output>
          </reporter-output>
        </test-method> <!-- testDecimalPrecision -->
        <test-method signature="testEnforceJsonContentType()[pri:0, instance:com.example.TransferSecurityTests@77eca502]" started-at="2026-04-01T10:38:20 IST" name="testEnforceJsonContentType" finished-at="2026-04-01T10:38:20 IST" duration-ms="11" status="PASS">
          <reporter-output>
          </reporter-output>
        </test-method> <!-- testEnforceJsonContentType -->
        <test-method signature="testRejectInvalidAmounts()[pri:0, instance:com.example.TransferSecurityTests@77eca502]" started-at="2026-04-01T10:38:20 IST" name="testRejectInvalidAmounts" finished-at="2026-04-01T10:38:20 IST" duration-ms="17" status="PASS">
          <reporter-output>
          </reporter-output>
        </test-method> <!-- testRejectInvalidAmounts -->
        <test-method signature="testSQLInjectionPayload()[pri:0, instance:com.example.TransferSecurityTests@77eca502]" started-at="2026-04-01T10:38:20 IST" name="testSQLInjectionPayload" finished-at="2026-04-01T10:38:20 IST" duration-ms="47" status="PASS">
          <reporter-output>
          </reporter-output>
        </test-method> <!-- testSQLInjectionPayload -->
        <test-method signature="testTransferResponseTime()[pri:0, instance:com.example.TransferSecurityTests@77eca502]" started-at="2026-04-01T10:38:20 IST" name="testTransferResponseTime" finished-at="2026-04-01T10:38:20 IST" duration-ms="122" status="PASS">
          <reporter-output>
          </reporter-output>
        </test-method> <!-- testTransferResponseTime -->
      </class> <!-- com.example.TransferSecurityTests -->
      <class name="com.example.TransactionsHistoryTest">
        <test-method is-config="true" signature="setup()[pri:0, instance:com.example.TransactionsHistoryTest@7690781]" started-at="2026-04-01T10:38:19 IST" name="setup" finished-at="2026-04-01T10:38:19 IST" duration-ms="171" status="PASS">
          <reporter-output>
          </reporter-output>
        </test-method> <!-- setup -->
        <test-method signature="RA_01_VerifyResponseFormatAndCharSet()[pri:1, instance:com.example.TransactionsHistoryTest@7690781]" started-at="2026-04-01T10:38:19 IST" name="RA_01_VerifyResponseFormatAndCharSet" finished-at="2026-04-01T10:38:19 IST" duration-ms="88" status="PASS">
          <reporter-output>
          </reporter-output>
        </test-method> <!-- RA_01_VerifyResponseFormatAndCharSet -->
        <test-method signature="RA_02_VerifyStrictSchemaConstraints()[pri:2, instance:com.example.TransactionsHistoryTest@7690781]" started-at="2026-04-01T10:38:19 IST" name="RA_02_VerifyStrictSchemaConstraints" finished-at="2026-04-01T10:38:19 IST" duration-ms="142" status="PASS">
          <reporter-output>
          </reporter-output>
        </test-method> <!-- RA_02_VerifyStrictSchemaConstraints -->
        <test-method signature="RA_03_Security_ForbiddenFieldsScrubbing()[pri:3, instance:com.example.TransactionsHistoryTest@7690781]" started-at="2026-04-01T10:38:19 IST" name="RA_03_Security_ForbiddenFieldsScrubbing" finished-at="2026-04-01T10:38:19 IST" duration-ms="134" status="PASS">
          <reporter-output>
          </reporter-output>
        </test-method> <!-- RA_03_Security_ForbiddenFieldsScrubbing -->
        <test-method signature="RA_04_VerifyAccountNumbersAreStrings()[pri:4, instance:com.example.TransactionsHistoryTest@7690781]" started-at="2026-04-01T10:38:19 IST" name="RA_04_VerifyAccountNumbersAreStrings" finished-at="2026-04-01T10:38:19 IST" duration-ms="100" status="PASS">
          <reporter-output>
          </reporter-output>
        </test-method> <!-- RA_04_VerifyAccountNumbersAreStrings -->
        <test-method signature="RA_05_Negative_InvalidAuthToken()[pri:5, instance:com.example.TransactionsHistoryTest@7690781]" started-at="2026-04-01T10:38:19 IST" name="RA_05_Negative_InvalidAuthToken" finished-at="2026-04-01T10:38:19 IST" duration-ms="20" status="PASS">
          <reporter-output>
          </reporter-output>
        </test-method> <!-- RA_05_Negative_InvalidAuthToken -->
        <test-method signature="RA_06_Negative_MethodNotAllowed()[pri:6, instance:com.example.TransactionsHistoryTest@7690781]" started-at="2026-04-01T10:38:19 IST" name="RA_06_Negative_MethodNotAllowed" finished-at="2026-04-01T10:38:19 IST" duration-ms="14" status="PASS">
          <reporter-output>
          </reporter-output>
        </test-method> <!-- RA_06_Negative_MethodNotAllowed -->
        <test-method signature="RA_07_VerifyPaginationMetadataPresence()[pri:7, instance:com.example.TransactionsHistoryTest@7690781]" started-at="2026-04-01T10:38:19 IST" name="RA_07_VerifyPaginationMetadataPresence" finished-at="2026-04-01T10:38:20 IST" duration-ms="65" status="PASS">
          <reporter-output>
          </reporter-output>
        </test-method> <!-- RA_07_VerifyPaginationMetadataPresence -->
        <test-method signature="RA_08_VerifyLargeAmountFormatting()[pri:8, instance:com.example.TransactionsHistoryTest@7690781]" started-at="2026-04-01T10:38:20 IST" name="RA_08_VerifyLargeAmountFormatting" finished-at="2026-04-01T10:38:20 IST" duration-ms="96" status="FAIL">
          <exception class="java.lang.ClassCastException">
            <message>
              <![CDATA[class java.lang.Float cannot be cast to class java.lang.Integer (java.lang.Float and java.lang.Integer are in module java.base of loader 'bootstrap')]]>
            </message>
            <full-stacktrace>
              <![CDATA[java.lang.ClassCastException: class java.lang.Float cannot be cast to class java.lang.Integer (java.lang.Float and java.lang.Integer are in module java.base of loader 'bootstrap')
at java.base/java.lang.Integer.compareTo(Integer.java:59)
at org.hamcrest.comparator.ComparatorMatcherBuilder$1.compare(ComparatorMatcherBuilder.java:25)
at org.hamcrest.comparator.ComparatorMatcherBuilder$1.compare(ComparatorMatcherBuilder.java:22)
at org.hamcrest.comparator.ComparatorMatcherBuilder$ComparatorMatcher.describeMismatchSafely(ComparatorMatcherBuilder.java:86)
at org.hamcrest.TypeSafeMatcher.describeMismatch(TypeSafeMatcher.java:82)
at org.hamcrest.core.Every.matchesSafely(Every.java:20)
at org.hamcrest.core.Every.matchesSafely(Every.java:8)
at org.hamcrest.TypeSafeDiagnosingMatcher.matches(TypeSafeDiagnosingMatcher.java:55)
at io.restassured.internal.assertion.BodyMatcher.validate(BodyMatcher.java:106)
at io.restassured.internal.assertion.BodyMatcherGroup.lambda$validate$0(BodyMatcherGroup.java:30)
at java.base/java.util.stream.ReferencePipeline$3$1.accept(ReferencePipeline.java:195)
at java.base/java.util.ArrayList$ArrayListSpliterator.forEachRemaining(ArrayList.java:1655)
at java.base/java.util.stream.AbstractPipeline.copyInto(AbstractPipeline.java:484)
at java.base/java.util.stream.AbstractPipeline.wrapAndCopyInto(AbstractPipeline.java:474)
at java.base/java.util.stream.ReduceOps$ReduceOp.evaluateSequential(ReduceOps.java:913)
at java.base/java.util.stream.AbstractPipeline.evaluate(AbstractPipeline.java:234)
at java.base/java.util.stream.ReferencePipeline.collect(ReferencePipeline.java:578)
at io.restassured.internal.assertion.BodyMatcherGroup.validate(BodyMatcherGroup.java:30)
at io.restassured.internal.assertion.BodyMatcherGroup$validate$3.call(Unknown Source)
at org.codehaus.groovy.runtime.callsite.CallSiteArray.defaultCall(CallSiteArray.java:45)
at io.restassured.internal.assertion.BodyMatcherGroup$validate$3.call(Unknown Source)
at io.restassured.internal.ResponseSpecificationImpl$HamcrestAssertionClosure.validate(ResponseSpecificationImpl.groovy:499)
at io.restassured.internal.ResponseSpecificationImpl$HamcrestAssertionClosure$validate$1.call(Unknown Source)
at io.restassured.internal.ResponseSpecificationImpl.validateResponseIfRequired(ResponseSpecificationImpl.groovy:696)
at io.restassured.internal.ResponseSpecificationImpl.this$2$validateResponseIfRequired(ResponseSpecificationImpl.groovy)
at jdk.internal.reflect.GeneratedMethodAccessor63.invoke(Unknown Source)
at java.base/jdk.internal.reflect.DelegatingMethodAccessorImpl.invoke(DelegatingMethodAccessorImpl.java:43)
at java.base/java.lang.reflect.Method.invoke(Method.java:566)
at org.codehaus.groovy.runtime.callsite.PlainObjectMetaMethodSite.doInvoke(PlainObjectMetaMethodSite.java:43)
at org.codehaus.groovy.runtime.callsite.PogoMetaMethodSite$PogoCachedMethodSiteNoUnwrapNoCoerce.invoke(PogoMetaMethodSite.java:198)
at org.codehaus.groovy.runtime.callsite.PogoMetaMethodSite.callCurrent(PogoMetaMethodSite.java:62)
at org.codehaus.groovy.runtime.callsite.AbstractCallSite.callCurrent(AbstractCallSite.java:185)
at io.restassured.internal.ResponseSpecificationImpl.body(ResponseSpecificationImpl.groovy:270)
at io.restassured.specification.ResponseSpecification$body$1.callCurrent(Unknown Source)
at org.codehaus.groovy.runtime.callsite.CallSiteArray.defaultCallCurrent(CallSiteArray.java:49)
at io.restassured.specification.ResponseSpecification$body$1.callCurrent(Unknown Source)
at io.restassured.internal.ResponseSpecificationImpl.body(ResponseSpecificationImpl.groovy:117)
at io.restassured.internal.ValidatableResponseOptionsImpl.body(ValidatableResponseOptionsImpl.java:244)
at com.example.TransactionsHistoryTest.RA_08_VerifyLargeAmountFormatting(TransactionsHistoryTest.java:120)
at java.base/jdk.internal.reflect.NativeMethodAccessorImpl.invoke0(Native Method)
at java.base/jdk.internal.reflect.NativeMethodAccessorImpl.invoke(NativeMethodAccessorImpl.java:62)
at java.base/jdk.internal.reflect.DelegatingMethodAccessorImpl.invoke(DelegatingMethodAccessorImpl.java:43)
at java.base/java.lang.reflect.Method.invoke(Method.java:566)
at org.testng.internal.invokers.MethodInvocationHelper.invokeMethod(MethodInvocationHelper.java:141)
at org.testng.internal.invokers.TestInvoker.invokeMethod(TestInvoker.java:687)
at org.testng.internal.invokers.TestInvoker.invokeTestMethod(TestInvoker.java:230)
at org.testng.internal.invokers.MethodRunner.runInSequence(MethodRunner.java:63)
at org.testng.internal.invokers.TestInvoker$MethodInvocationAgent.invoke(TestInvoker.java:995)
at org.testng.internal.invokers.TestInvoker.invokeTestMethods(TestInvoker.java:203)
at org.testng.internal.invokers.TestMethodWorker.invokeTestMethods(TestMethodWorker.java:154)
at org.testng.internal.invokers.TestMethodWorker.run(TestMethodWorker.java:134)
at java.base/java.util.ArrayList.forEach(ArrayList.java:1541)
at org.testng.TestRunner.privateRun(TestRunner.java:741)
at org.testng.TestRunner.run(TestRunner.java:616)
at org.testng.SuiteRunner.runTest(SuiteRunner.java:421)
at org.testng.SuiteRunner.runSequentially(SuiteRunner.java:413)
at org.testng.SuiteRunner.privateRun(SuiteRunner.java:373)
at org.testng.SuiteRunner.run(SuiteRunner.java:312)
at org.testng.SuiteRunnerWorker.runSuite(SuiteRunnerWorker.java:52)
at org.testng.SuiteRunnerWorker.run(SuiteRunnerWorker.java:95)
at org.testng.TestNG.runSuitesSequentially(TestNG.java:1274)
at org.testng.TestNG.runSuitesLocally(TestNG.java:1208)
at org.testng.TestNG.runSuites(TestNG.java:1112)
at org.testng.TestNG.run(TestNG.java:1079)
at org.apache.maven.surefire.testng.TestNGExecutor.run(TestNGExecutor.java:135)
at org.apache.maven.surefire.testng.TestNGDirectoryTestSuite.executeMulti(TestNGDirectoryTestSuite.java:193)
at org.apache.maven.surefire.testng.TestNGDirectoryTestSuite.execute(TestNGDirectoryTestSuite.java:94)
at org.apache.maven.surefire.testng.TestNGProvider.invoke(TestNGProvider.java:146)
at org.apache.maven.surefire.booter.ForkedBooter.invokeProviderInSameClassLoader(ForkedBooter.java:384)
at org.apache.maven.surefire.booter.ForkedBooter.runSuitesInProcess(ForkedBooter.java:345)
at org.apache.maven.surefire.booter.ForkedBooter.execute(ForkedBooter.java:126)
at org.apache.maven.surefire.booter.ForkedBooter.main(ForkedBooter.java:418)
]]>
            </full-stacktrace>
          </exception> <!-- java.lang.ClassCastException -->
          <reporter-output>
          </reporter-output>
        </test-method> <!-- RA_08_VerifyLargeAmountFormatting -->
        <test-method signature="RA_09_CORS_HeaderValidation()[pri:9, instance:com.example.TransactionsHistoryTest@7690781]" started-at="2026-04-01T10:38:20 IST" name="RA_09_CORS_HeaderValidation" finished-at="2026-04-01T10:38:20 IST" duration-ms="9" status="PASS">
          <reporter-output>
          </reporter-output>
        </test-method> <!-- RA_09_CORS_HeaderValidation -->
        <test-method signature="RA_10_Database_Isolation_Check()[pri:10, instance:com.example.TransactionsHistoryTest@7690781]" started-at="2026-04-01T10:38:20 IST" name="RA_10_Database_Isolation_Check" finished-at="2026-04-01T10:38:20 IST" duration-ms="162" status="PASS">
          <reporter-output>
          </reporter-output>
        </test-method> <!-- RA_10_Database_Isolation_Check -->
      </class> <!-- com.example.TransactionsHistoryTest -->
      <class name="com.example.AuthSecurityTests">
        <test-method is-config="true" signature="setup()[pri:0, instance:com.example.AuthSecurityTests@4da4253]" started-at="2026-04-01T10:38:16 IST" name="setup" finished-at="2026-04-01T10:38:17 IST" duration-ms="460" status="PASS">
          <reporter-output>
          </reporter-output>
        </test-method> <!-- setup -->
        <test-method signature="testEmailCaseInsensitivity()[pri:0, instance:com.example.AuthSecurityTests@4da4253]" started-at="2026-04-01T10:38:17 IST" name="testEmailCaseInsensitivity" description="RA-02: Verify Case Insensitivity for Email Login" finished-at="2026-04-01T10:38:18 IST" duration-ms="1042" status="PASS">
          <reporter-output>
          </reporter-output>
        </test-method> <!-- testEmailCaseInsensitivity -->
        <test-method signature="testLoginResponseTime()[pri:0, instance:com.example.AuthSecurityTests@4da4253]" started-at="2026-04-01T10:38:18 IST" name="testLoginResponseTime" description="RA-03: Performance - Login Response Time SLA" finished-at="2026-04-01T10:38:18 IST" duration-ms="214" status="PASS">
          <reporter-output>
          </reporter-output>
        </test-method> <!-- testLoginResponseTime -->
        <test-method signature="testLoginSchema()[pri:0, instance:com.example.AuthSecurityTests@4da4253]" started-at="2026-04-01T10:38:18 IST" name="testLoginSchema" description="RA-05: Data Consistency - Login Response Schema Validation" finished-at="2026-04-01T10:38:19 IST" duration-ms="790" status="PASS">
          <reporter-output>
          </reporter-output>
        </test-method> <!-- testLoginSchema -->
        <test-method signature="testMalformedJson()[pri:0, instance:com.example.AuthSecurityTests@4da4253]" started-at="2026-04-01T10:38:19 IST" name="testMalformedJson" description="RA-04: Verify Registration Payload with Malformed JSON" finished-at="2026-04-01T10:38:19 IST" duration-ms="20" status="PASS">
          <reporter-output>
          </reporter-output>
        </test-method> <!-- testMalformedJson -->
        <test-method signature="testNoSQLInjection()[pri:0, instance:com.example.AuthSecurityTests@4da4253]" started-at="2026-04-01T10:38:19 IST" name="testNoSQLInjection" description="RA-01: Verify NoSQL Injection Prevention in Login" finished-at="2026-04-01T10:38:19 IST" duration-ms="164" status="PASS">
          <reporter-output>
          </reporter-output>
        </test-method> <!-- testNoSQLInjection -->
      </class> <!-- com.example.AuthSecurityTests -->
    </test> <!-- Surefire test -->
  </suite> <!-- Surefire suite -->
</testng-results>
