<?xml version="1.0" encoding="UTF-8"?>
<testsuite xmlns:xsi="http://www.w3.org/2001/XMLSchema-instance" xsi:noNamespaceSchemaLocation="https://maven.apache.org/surefire/maven-surefire-plugin/xsd/surefire-test-report.xsd" name="TestSuite" time="5.232" tests="21" errors="0" skipped="0" failures="1">
  <properties>
[...]
</properties>
  <testcase name="testEmailCaseInsensitivity" classname="com.example.AuthSecurityTests" time="1.044"/>
  <testcase name="testLoginResponseTime" classname="com.example.AuthSecurityTests" time="0.215"/>
  <testcase name="testLoginSchema" classname="com.example.AuthSecurityTests" time="0.79"/>
  <testcase name="testMalformedJson" classname="com.example.AuthSecurityTests" time="0.021"/>
  <testcase name="testNoSQLInjection" classname="com.example.AuthSecurityTests" time="0.164"/>
  <testcase name="RA_01_VerifyResponseFormatAndCharSet" classname="com.example.TransactionsHistoryTest" time="0.088"/>
  <testcase name="RA_02_VerifyStrictSchemaConstraints" classname="com.example.TransactionsHistoryTest" time="0.142"/>
  <testcase name="RA_03_Security_ForbiddenFieldsScrubbing" classname="com.example.TransactionsHistoryTest" time="0.133"/>
  <testcase name="RA_04_VerifyAccountNumbersAreStrings" classname="com.example.TransactionsHistoryTest" time="0.101"/>
  <testcase name="RA_05_Negative_InvalidAuthToken" classname="com.example.TransactionsHistoryTest" time="0.023"/>
  <testcase name="RA_06_Negative_MethodNotAllowed" classname="com.example.TransactionsHistoryTest" time="0.03"/>
  <testcase name="RA_07_VerifyPaginationMetadataPresence" classname="com.example.TransactionsHistoryTest" time="0.048"/>
  <testcase name="RA_08_VerifyLargeAmountFormatting" classname="com.example.TransactionsHistoryTest" time="0.103">
    <failure message="class java.lang.Float cannot be cast to class java.lang.Integer (java.lang.Float and java.lang.Integer are in module java.base of loader &apos;bootstrap&apos;)" type="java.lang.ClassCastException">java.lang.ClassCastException: class java.lang.Float cannot be cast to class java.lang.Integer (java.lang.Float and java.lang.Integer are in module java.base of loader 'bootstrap')
	at com.example.TransactionsHistoryTest.RA_08_VerifyLargeAmountFormatting(TransactionsHistoryTest.java:120)
</failure>
  </testcase>
  <testcase name="RA_09_CORS_HeaderValidation" classname="com.example.TransactionsHistoryTest" time="0.008"/>
  <testcase name="RA_10_Database_Isolation_Check" classname="com.example.TransactionsHistoryTest" time="0.163"/>
  <testcase name="testBlockSelfTransfer" classname="com.example.TransferSecurityTests" time="0.066"/>
  <testcase name="testDecimalPrecision" classname="com.example.TransferSecurityTests" time="0.167"/>
  <testcase name="testEnforceJsonContentType" classname="com.example.TransferSecurityTests" time="0.011"/>
  <testcase name="testRejectInvalidAmounts" classname="com.example.TransferSecurityTests" time="0.018"/>
  <testcase name="testSQLInjectionPayload" classname="com.example.TransferSecurityTests" time="0.044"/>
  <testcase name="testTransferResponseTime" classname="com.example.TransferSecurityTests" time="0.111"/>
</testsuite>