<?xml version="1.0" encoding="UTF-8"?>
<testng-results ignored="0" total="11" passed="11" failed="0" skipped="0">
  <reporter-output>
  </reporter-output>
  <suite started-at="2026-03-30T17:14:49 IST" name="Surefire suite" finished-at="2026-03-30T17:14:53 IST" duration-ms="3801">
    <groups>
    </groups>
    <test started-at="2026-03-30T17:14:49 IST" name="Surefire test" finished-at="2026-03-30T17:14:53 IST" duration-ms="3801">
      <class name="com.example.TransferSecurityTests">
        <test-method is-config="true" signature="setup()[pri:0, instance:com.example.TransferSecurityTests@503d687a]" started-at="2026-03-30T17:14:52 IST" name="setup" finished-at="2026-03-30T17:14:52 IST" duration-ms="169" status="PASS">
          <reporter-output>
          </reporter-output>
        </test-method> <!-- setup -->
        <test-method signature="testBlockSelfTransfer()[pri:0, instance:com.example.TransferSecurityTests@503d687a]" started-at="2026-03-30T17:14:52 IST" name="testBlockSelfTransfer" finished-at="2026-03-30T17:14:52 IST" duration-ms="88" status="PASS">
          <reporter-output>
          </reporter-output>
        </test-method> <!-- testBlockSelfTransfer -->
        <test-method signature="testDecimalPrecision()[pri:0, instance:com.example.TransferSecurityTests@503d687a]" started-at="2026-03-30T17:14:52 IST" name="testDecimalPrecision" finished-at="2026-03-30T17:14:53 IST" duration-ms="179" status="PASS">
          <reporter-output>
          </reporter-output>
        </test-method> <!-- testDecimalPrecision -->
        <test-method signature="testEnforceJsonContentType()[pri:0, instance:com.example.TransferSecurityTests@503d687a]" started-at="2026-03-30T17:14:53 IST" name="testEnforceJsonContentType" finished-at="2026-03-30T17:14:53 IST" duration-ms="14" status="PASS">
          <reporter-output>
          </reporter-output>
        </test-method> <!-- testEnforceJsonContentType -->
        <test-method signature="testRejectInvalidAmounts()[pri:0, instance:com.example.TransferSecurityTests@503d687a]" started-at="2026-03-30T17:14:53 IST" name="testRejectInvalidAmounts" finished-at="2026-03-30T17:14:53 IST" duration-ms="22" status="PASS">
          <reporter-output>
          </reporter-output>
        </test-method> <!-- testRejectInvalidAmounts -->
        <test-method signature="testSQLInjectionPayload()[pri:0, instance:com.example.TransferSecurityTests@503d687a]" started-at="2026-03-30T17:14:53 IST" name="testSQLInjectionPayload" finished-at="2026-03-30T17:14:53 IST" duration-ms="64" status="PASS">
          <reporter-output>
          </reporter-output>
        </test-method> <!-- testSQLInjectionPayload -->
        <test-method signature="testTransferResponseTime()[pri:0, instance:com.example.TransferSecurityTests@503d687a]" started-at="2026-03-30T17:14:53 IST" name="testTransferResponseTime" finished-at="2026-03-30T17:14:53 IST" duration-ms="159" status="PASS">
          <reporter-output>
          </reporter-output>
        </test-method> <!-- testTransferResponseTime -->
      </class> <!-- com.example.TransferSecurityTests -->
      <class name="com.example.AuthSecurityTests">
        <test-method is-config="true" signature="setup()[pri:0, instance:com.example.AuthSecurityTests@355ce81c]" started-at="2026-03-30T17:14:49 IST" name="setup" finished-at="2026-03-30T17:14:50 IST" duration-ms="517" status="PASS">
          <reporter-output>
          </reporter-output>
        </test-method> <!-- setup -->
        <test-method signature="testEmailCaseInsensitivity()[pri:0, instance:com.example.AuthSecurityTests@355ce81c]" started-at="2026-03-30T17:14:50 IST" name="testEmailCaseInsensitivity" description="RA-02: Verify Case Insensitivity for Email Login" finished-at="2026-03-30T17:14:51 IST" duration-ms="1240" status="PASS">
          <reporter-output>
          </reporter-output>
        </test-method> <!-- testEmailCaseInsensitivity -->
        <test-method signature="testLoginResponseTime()[pri:0, instance:com.example.AuthSecurityTests@355ce81c]" started-at="2026-03-30T17:14:51 IST" name="testLoginResponseTime" description="RA-03: Performance - Login Response Time SLA" finished-at="2026-03-30T17:14:51 IST" duration-ms="192" status="PASS">
          <reporter-output>
          </reporter-output>
        </test-method> <!-- testLoginResponseTime -->
        <test-method signature="testLoginSchema()[pri:0, instance:com.example.AuthSecurityTests@355ce81c]" started-at="2026-03-30T17:14:51 IST" name="testLoginSchema" description="RA-05: Data Consistency - Login Response Schema Validation" finished-at="2026-03-30T17:14:52 IST" duration-ms="917" status="PASS">
          <reporter-output>
          </reporter-output>
        </test-method> <!-- testLoginSchema -->
        <test-method signature="testMalformedJson()[pri:0, instance:com.example.AuthSecurityTests@355ce81c]" started-at="2026-03-30T17:14:52 IST" name="testMalformedJson" description="RA-04: Verify Registration Payload with Malformed JSON" finished-at="2026-03-30T17:14:52 IST" duration-ms="28" status="PASS">
          <reporter-output>
          </reporter-output>
        </test-method> <!-- testMalformedJson -->
        <test-method signature="testNoSQLInjection()[pri:0, instance:com.example.AuthSecurityTests@355ce81c]" started-at="2026-03-30T17:14:52 IST" name="testNoSQLInjection" description="RA-01: Verify NoSQL Injection Prevention in Login" finished-at="2026-03-30T17:14:52 IST" duration-ms="151" status="PASS">
          <reporter-output>
          </reporter-output>
        </test-method> <!-- testNoSQLInjection -->
      </class> <!-- com.example.AuthSecurityTests -->
    </test> <!-- Surefire test -->
  </suite> <!-- Surefire suite -->
</testng-results>
