<?xml version="1.0" encoding="UTF-8"?>
<testsuite xmlns:xsi="http://www.w3.org/2001/XMLSchema-instance" xsi:noNamespaceSchemaLocation="https://maven.apache.org/surefire/maven-surefire-plugin/xsd/surefire-test-report.xsd" name="TestSuite" time="3.348" tests="5" errors="0" skipped="0" failures="0">
  <properties>
[...]
</properties>
  <testcase name="testEmailCaseInsensitivity" classname="com.example.AuthSecurityTests" time="1.039"/>
  <testcase name="testLoginResponseTime" classname="com.example.AuthSecurityTests" time="0.174"/>
  <testcase name="testLoginSchema" classname="com.example.AuthSecurityTests" time="0.816"/>
  <testcase name="testMalformedJson" classname="com.example.AuthSecurityTests" time="0.035"/>
  <testcase name="testNoSQLInjection" classname="com.example.AuthSecurityTests" time="0.208"/>
</testsuite>