<?xml version="1.0" encoding="UTF-8"?>
<!-- Generated by org.testng.reporters.JUnitReportReporter -->
<testsuite hostname="a78b0ad897825be" failures="0" tests="5" name="com.example.AuthSecurityTests" time="2.230" errors="0" timestamp="2026-04-01T10:38:21 IST" skipped="0">
  <testcase classname="com.example.AuthSecurityTests" name="testNoSQLInjection" time="0.164"/>
  <testcase classname="com.example.AuthSecurityTests" name="testLoginSchema" time="0.790"/>
  <testcase classname="com.example.AuthSecurityTests" name="testMalformedJson" time="0.020"/>
  <testcase classname="com.example.AuthSecurityTests" name="testEmailCaseInsensitivity" time="1.042"/>
  <testcase classname="com.example.AuthSecurityTests" name="testLoginResponseTime" time="0.214"/>
</testsuite> <!-- com.example.AuthSecurityTests -->
