<?xml version="1.0" encoding="UTF-8"?>
<!-- Generated by org.testng.reporters.JUnitReportReporter -->
<testsuite hostname="a78b0ad897825be" failures="0" tests="6" name="com.example.TransferSecurityTests" time="0.430" errors="0" timestamp="2026-04-01T10:38:21 IST" skipped="0">
  <testcase classname="com.example.TransferSecurityTests" name="testRejectInvalidAmounts" time="0.017"/>
  <testcase classname="com.example.TransferSecurityTests" name="testBlockSelfTransfer" time="0.066"/>
  <testcase classname="com.example.TransferSecurityTests" name="testSQLInjectionPayload" time="0.047"/>
  <testcase classname="com.example.TransferSecurityTests" name="testEnforceJsonContentType" time="0.011"/>
  <testcase classname="com.example.TransferSecurityTests" name="testDecimalPrecision" time="0.167"/>
  <testcase classname="com.example.TransferSecurityTests" name="testTransferResponseTime" time="0.122"/>
</testsuite> <!-- com.example.TransferSecurityTests -->
