<?xml version="1.0" encoding="UTF-8"?>
<!-- Generated by org.testng.reporters.JUnitReportReporter -->
<testsuite hostname="a78b0ad897825be" failures="0" tests="6" name="com.example.TransferSecurityTests" time="0.526" errors="0" timestamp="2026-03-30T17:14:53 IST" skipped="0">
  <testcase classname="com.example.TransferSecurityTests" name="testBlockSelfTransfer" time="0.088"/>
  <testcase classname="com.example.TransferSecurityTests" name="testDecimalPrecision" time="0.179"/>
  <testcase classname="com.example.TransferSecurityTests" name="testEnforceJsonContentType" time="0.014"/>
  <testcase classname="com.example.TransferSecurityTests" name="testRejectInvalidAmounts" time="0.022"/>
  <testcase classname="com.example.TransferSecurityTests" name="testTransferResponseTime" time="0.159"/>
  <testcase classname="com.example.TransferSecurityTests" name="testSQLInjectionPayload" time="0.064"/>
</testsuite> <!-- com.example.TransferSecurityTests -->
