<?xml version="1.0" encoding="UTF-8"?>
<!-- Generated by org.testng.reporters.JUnitXMLReporter -->
<testsuite ignored="0" hostname="a78b0ad897825be" failures="0" tests="11" name="Surefire test" time="3.801" errors="0" timestamp="2026-03-30T17:14:53 IST">
  <testcase classname="com.example.AuthSecurityTests" name="testEmailCaseInsensitivity" time="1.24"/>
  <testcase classname="com.example.AuthSecurityTests" name="testLoginResponseTime" time="0.192"/>
  <testcase classname="com.example.AuthSecurityTests" name="testLoginSchema" time="0.917"/>
  <testcase classname="com.example.AuthSecurityTests" name="testMalformedJson" time="0.028"/>
  <testcase classname="com.example.AuthSecurityTests" name="testNoSQLInjection" time="0.151"/>
  <testcase classname="com.example.TransferSecurityTests" name="testBlockSelfTransfer" time="0.088"/>
  <testcase classname="com.example.TransferSecurityTests" name="testDecimalPrecision" time="0.179"/>
  <testcase classname="com.example.TransferSecurityTests" name="testEnforceJsonContentType" time="0.014"/>
  <testcase classname="com.example.TransferSecurityTests" name="testRejectInvalidAmounts" time="0.022"/>
  <testcase classname="com.example.TransferSecurityTests" name="testSQLInjectionPayload" time="0.064"/>
  <testcase classname="com.example.TransferSecurityTests" name="testTransferResponseTime" time="0.159"/>
</testsuite> <!-- Surefire test -->
