<?xml version="1.0" encoding="UTF-8"?>
<!-- Generated by org.testng.reporters.JUnitXMLReporter -->
<testsuite ignored="0" hostname="a78b0ad897825be" failures="0" tests="5" name="Surefire test" time="2.755" errors="0" timestamp="2026-03-27T19:59:45 IST">
  <testcase classname="com.example.AuthSecurityTests" name="testEmailCaseInsensitivity" time="1.038"/>
  <testcase classname="com.example.AuthSecurityTests" name="testLoginResponseTime" time="0.174"/>
  <testcase classname="com.example.AuthSecurityTests" name="testLoginSchema" time="0.815"/>
  <testcase classname="com.example.AuthSecurityTests" name="testMalformedJson" time="0.032"/>
  <testcase classname="com.example.AuthSecurityTests" name="testNoSQLInjection" time="0.209"/>
</testsuite> <!-- Surefire test -->
